<?xml version="1.0" encoding="UTF-8"?>
<!-- Generated by org.testng.reporters.JUnitXMLReporter -->
<testsuite hostname="Deepak-Sharma1" ignored="6" name="Test" tests="6" failures="4" timestamp="08 May 2019 08:15:32 GMT" time="238.333" errors="0">
  <testcase name="TS05_DataSet_Creation" time="147.701" classname="com.pfl.automation.org62.testcases.TS05_lightning"/>
  <testcase name="create_setup_program" time="0.001" classname="com.pfl.automation.org62.testcases.TS04_lightning">
    <failure type="java.lang.NullPointerException">
      <![CDATA[java.lang.NullPointerException
at com.pfl.automation.org62.testcases.TS04_lightning.create_setup_program(TS04_lightning.java:29)
... Removed 25 stack frames]]>
    </failure>
  </testcase> <!-- create_setup_program -->
  <testcase name="TS03_DataSet_Creation" time="0.002" classname="com.pfl.automation.org62.testcases.TS03_lightning">
    <failure type="java.lang.NullPointerException">
      <![CDATA[java.lang.NullPointerException
at com.pfl.automation.org62.testcases.TS03_lightning.TS03_DataSet_Creation(TS03_lightning.java:26)
... Removed 25 stack frames]]>
    </failure>
  </testcase> <!-- TS03_DataSet_Creation -->
  <testcase name="TC01" time="0.002" classname="com.pfl.automation.org62.testcases.TS02_lightning">
    <failure type="java.lang.NullPointerException">
      <![CDATA[java.lang.NullPointerException
at com.pfl.automation.org62.testcases.TS02_lightning.TC01(TS02_lightning.java:16)
... Removed 25 stack frames]]>
    </failure>
  </testcase> <!-- TC01 -->
  <testcase name="TS05_verifying_send_swag_with_multiple_products" time="72.346" classname="com.pfl.automation.org62.testcases.TS05_lightning"/>
  <testcase name="verifying_send_swag_with_campaign_association" time="0.002" classname="com.pfl.automation.org62.testcases.TS04_lightning">
    <failure type="java.lang.NullPointerException">
      <![CDATA[java.lang.NullPointerException
at com.pfl.automation.org62.testcases.TS04_lightning.verifying_send_swag_with_campaign_association(TS04_lightning.java:44)
... Removed 25 stack frames]]>
    </failure>
  </testcase> <!-- verifying_send_swag_with_campaign_association -->
  <testcase name="@BeforeTest setUp" time="0.0" classname="com.pfl.automation.base.BaseTest">
    <ignored/>
  </testcase> <!-- @BeforeTest setUp -->
  <testcase name="@BeforeTest setUp" time="0.0" classname="com.pfl.automation.base.BaseTest">
    <ignored/>
  </testcase> <!-- @BeforeTest setUp -->
  <testcase name="@BeforeTest setUp" time="0.0" classname="com.pfl.automation.base.BaseTest">
    <ignored/>
  </testcase> <!-- @BeforeTest setUp -->
  <testcase name="@AfterTest tearDown" time="0.0" classname="com.pfl.automation.base.BaseTest">
    <ignored/>
  </testcase> <!-- @AfterTest tearDown -->
  <testcase name="@AfterTest tearDown" time="0.0" classname="com.pfl.automation.base.BaseTest">
    <ignored/>
  </testcase> <!-- @AfterTest tearDown -->
  <testcase name="@AfterTest tearDown" time="0.0" classname="com.pfl.automation.base.BaseTest">
    <ignored/>
  </testcase> <!-- @AfterTest tearDown -->
</testsuite> <!-- Test -->
